<?xml version="1.0" encoding="UTF-8"?>
<testsuites name="jest tests" tests="11" failures="0" errors="0" time="1.14">
  <testsuite name="validatePassword" errors="0" failures="0" skipped="0" timestamp="2025-05-21T17:23:16" time="0.366" tests="11">
    <testcase classname="validatePassword returns true for a strong password" name="validatePassword returns true for a strong password" time="0.006">
    </testcase>
    <testcase classname="validatePassword returns false for a weak password" name="validatePassword returns false for a weak password" time="0">
    </testcase>
    <testcase classname="registerUser returns error if email exists" name="registerUser returns error if email exists" time="0.001">
    </testcase>
    <testcase classname="registerUser returns error if password is weak" name="registerUser returns error if password is weak" time="0.001">
    </testcase>
    <testcase classname="registerUser registers user with hashed password" name="registerUser registers user with hashed password" time="0.001">
    </testcase>
    <testcase classname="loginUser returns error if user not found" name="loginUser returns error if user not found" time="0">
    </testcase>
    <testcase classname="loginUser returns error if password is wrong" name="loginUser returns error if password is wrong" time="0.001">
    </testcase>
    <testcase classname="loginUser returns token if login is correct" name="loginUser returns token if login is correct" time="0.001">
    </testcase>
    <testcase classname="authenticateToken rejects missing token" name="authenticateToken rejects missing token" time="0.002">
    </testcase>
    <testcase classname="authenticateToken rejects invalid token" name="authenticateToken rejects invalid token" time="0.001">
    </testcase>
    <testcase classname="authenticateToken accepts valid token" name="authenticateToken accepts valid token" time="0">
    </testcase>
  </testsuite>
</testsuites>